<?xml version="1.0" encoding="UTF-8"?>
<testsuite xmlns:xsi="http://www.w3.org/2001/XMLSchema-instance" xsi:noNamespaceSchemaLocation="https://maven.apache.org/surefire/maven-surefire-plugin/xsd/surefire-test-report-3.0.xsd" version="3.0" name="com.portfolio.api.ApiApplicationTests" time="27.983" tests="1" errors="0" skipped="0" failures="0">
  <properties>
[...]
</properties>
  <testcase name="contextLoads" classname="com.portfolio.api.ApiApplicationTests" time="2.781">
    <system-out><![CDATA[02:56:44.720 [main] INFO org.springframework.test.context.support.AnnotationConfigContextLoaderUtils -- Could not detect default configuration classes for test class [com.portfolio.api.ApiApplicationTests]: ApiApplicationTests does not declare any static, non-private, non-final, nested classes annotated with @Configuration.
02:56:45.077 [main] INFO org.springframework.boot.test.context.SpringBootTestContextBootstrapper -- Found @SpringBootConfiguration com.portfolio.api.ApiApplication for test class com.portfolio.api.ApiApplicationTests

  .   ____          _            __ _ _
 /\\ / ___'_ __ _ _(_)_ __  __ _ \ \ \ \
( ( )\___ | '_ | '_| | '_ \/ _` | \ \ \ \
 \\/  ___)| |_)| | | | | || (_| |  ) ) ) )
  '  |____| .__|_| |_|_| |_\__, | / / / /
 =========|_|==============|___/=/_/_/_/
 :: Spring Boot ::                (v3.1.5)

2023-11-29T02:56:46.466-03:00  INFO 15120 --- [           main] com.portfolio.api.ApiApplicationTests    : Starting ApiApplicationTests using Java 20.0.2 with PID 15120 (started by Ivan in D:\Facu\portfolio\Portfolio-BackEnd)
2023-11-29T02:56:46.470-03:00  INFO 15120 --- [           main] com.portfolio.api.ApiApplicationTests    : No active profile set, falling back to 1 default profile: "default"
2023-11-29T02:56:50.178-03:00  INFO 15120 --- [           main] .s.d.r.c.RepositoryConfigurationDelegate : Bootstrapping Spring Data JPA repositories in DEFAULT mode.
2023-11-29T02:56:50.415-03:00  INFO 15120 --- [           main] .s.d.r.c.RepositoryConfigurationDelegate : Finished Spring Data repository scanning in 206 ms. Found 4 JPA repository interfaces.
2023-11-29T02:56:52.227-03:00  INFO 15120 --- [           main] o.hibernate.jpa.internal.util.LogHelper  : HHH000204: Processing PersistenceUnitInfo [name: default]
2023-11-29T02:56:52.434-03:00  INFO 15120 --- [           main] org.hibernate.Version                    : HHH000412: Hibernate ORM core version 6.2.13.Final
2023-11-29T02:56:52.437-03:00  INFO 15120 --- [           main] org.hibernate.cfg.Environment            : HHH000406: Using bytecode reflection optimizer
2023-11-29T02:56:54.140-03:00  INFO 15120 --- [           main] o.s.o.j.p.SpringPersistenceUnitInfo      : No LoadTimeWeaver setup: ignoring JPA class transformer
2023-11-29T02:56:54.220-03:00  INFO 15120 --- [           main] com.zaxxer.hikari.HikariDataSource       : HikariPool-1 - Starting...
2023-11-29T02:56:58.802-03:00  INFO 15120 --- [           main] com.zaxxer.hikari.pool.HikariPool        : HikariPool-1 - Added connection com.mysql.cj.jdbc.ConnectionImpl@542ff147
2023-11-29T02:56:58.804-03:00  INFO 15120 --- [           main] com.zaxxer.hikari.HikariDataSource       : HikariPool-1 - Start completed.
2023-11-29T02:57:01.785-03:00  INFO 15120 --- [           main] o.h.e.t.j.p.i.JtaPlatformInitiator       : HHH000489: No JTA platform available (set 'hibernate.transaction.jta.platform' to enable JTA platform integration)
2023-11-29T02:57:02.635-03:00  INFO 15120 --- [           main] j.LocalContainerEntityManagerFactoryBean : Initialized JPA EntityManagerFactory for persistence unit 'default'
2023-11-29T02:57:05.545-03:00  WARN 15120 --- [           main] JpaBaseConfiguration$JpaWebConfiguration : spring.jpa.open-in-view is enabled by default. Therefore, database queries may be performed during view rendering. Explicitly configure spring.jpa.open-in-view to disable this warning
2023-11-29T02:57:05.978-03:00  INFO 15120 --- [           main] o.s.s.web.DefaultSecurityFilterChain     : Will secure any request with [org.springframework.security.web.session.DisableEncodeUrlFilter@60510791, org.springframework.security.web.context.request.async.WebAsyncManagerIntegrationFilter@15d68a50, org.springframework.security.web.context.SecurityContextHolderFilter@3545c913, org.springframework.security.web.header.HeaderWriterFilter@1a3611b1, org.springframework.web.filter.CorsFilter@a1689e8, org.springframework.security.web.authentication.logout.LogoutFilter@aaf4375, com.portfolio.api._security.jwt.JwtAuthenticationFilter@4c9bed65, org.springframework.security.web.savedrequest.RequestCacheAwareFilter@3cdc5155, org.springframework.security.web.servletapi.SecurityContextHolderAwareRequestFilter@604e8a6, org.springframework.security.web.authentication.AnonymousAuthenticationFilter@4bb644dc, org.springframework.security.web.session.SessionManagementFilter@69a031a4, org.springframework.security.web.access.ExceptionTranslationFilter@7a3f3bc4, org.springframework.security.web.access.intercept.AuthorizationFilter@cef23a8]
2023-11-29T02:57:09.092-03:00  INFO 15120 --- [           main] com.portfolio.api.ApiApplicationTests    : Started ApiApplicationTests in 23.351 seconds (process running for 29.373)
]]></system-out>
  </testcase>
</testsuite>